2025-08-02 13:11:29 [31merror[39m: Error: Utumbo wa kima
    at /home/basir-security/Desktop/yum-express-backend/src/app.js:109:9
    at newFn (/home/basir-security/Desktop/yum-express-backend/node_modules/express-async-errors/index.js:16:20)
    at Layer.handle [as handle_request] (/home/basir-security/Desktop/yum-express-backend/node_modules/express/lib/router/layer.js:95:5)
    at next (/home/basir-security/Desktop/yum-express-backend/node_modules/express/lib/router/route.js:149:13)
    at Route.dispatch (/home/basir-security/Desktop/yum-express-backend/node_modules/express/lib/router/route.js:119:3)
    at newFn (/home/basir-security/Desktop/yum-express-backend/node_modules/express-async-errors/index.js:16:20)
    at Layer.handle [as handle_request] (/home/basir-security/Desktop/yum-express-backend/node_modules/express/lib/router/layer.js:95:5)
    at /home/basir-security/Desktop/yum-express-backend/node_modules/express/lib/router/index.js:284:15
    at Function.process_params (/home/basir-security/Desktop/yum-express-backend/node_modules/express/lib/router/index.js:346:12)
    at next (/home/basir-security/Desktop/yum-express-backend/node_modules/express/lib/router/index.js:280:10)
2025-08-02 13:22:04 [31merror[39m: Error: Utumbo wa kima
    at /home/basir-security/Desktop/yum-express-backend/src/app.js:109:9
    at newFn (/home/basir-security/Desktop/yum-express-backend/node_modules/express-async-errors/index.js:16:20)
    at Layer.handle [as handle_request] (/home/basir-security/Desktop/yum-express-backend/node_modules/express/lib/router/layer.js:95:5)
    at next (/home/basir-security/Desktop/yum-express-backend/node_modules/express/lib/router/route.js:149:13)
    at Route.dispatch (/home/basir-security/Desktop/yum-express-backend/node_modules/express/lib/router/route.js:119:3)
    at newFn (/home/basir-security/Desktop/yum-express-backend/node_modules/express-async-errors/index.js:16:20)
    at Layer.handle [as handle_request] (/home/basir-security/Desktop/yum-express-backend/node_modules/express/lib/router/layer.js:95:5)
    at /home/basir-security/Desktop/yum-express-backend/node_modules/express/lib/router/index.js:284:15
    at Function.process_params (/home/basir-security/Desktop/yum-express-backend/node_modules/express/lib/router/index.js:346:12)
    at next (/home/basir-security/Desktop/yum-express-backend/node_modules/express/lib/router/index.js:280:10)
