2025-08-12 17:04:04 [31merror[39m: Error: Undefined binding(s) detected when compiling FIRST. Undefined column(s): [assigned_to] query: select count("id") as "total_deliveries" from "deliveries" where "assigned_to" = ? limit ?
    at QueryCompiler_PG.toSQL (/home/basir-security/Desktop/yum-express-backend/node_modules/knex/lib/query/querycompiler.js:112:13)
    at QueryBuilder_PostgreSQL.toSQL (/home/basir-security/Desktop/yum-express-backend/node_modules/knex/lib/query/querybuilder.js:84:44)
    at ensureConnectionCallback (/home/basir-security/Desktop/yum-express-backend/node_modules/knex/lib/execution/internal/ensure-connection-callback.js:4:30)
    at Runner.ensureConnection (/home/basir-security/Desktop/yum-express-backend/node_modules/knex/lib/execution/runner.js:318:20)
    at process.processTicksAndRejections (node:internal/process/task_queues:95:5)
    at async Runner.run (/home/basir-security/Desktop/yum-express-backend/node_modules/knex/lib/execution/runner.js:30:19)
    at async Promise.all (index 0)
    at async getRiderDashboard (/home/basir-security/Desktop/yum-express-backend/src/controllers/riderDashboardController.js:21:7)
2025-08-12 20:04:59 [31merror[39m: error: select COUNT(*) as total_assigned, COUNT(CASE WHEN status = 'delivered' THEN 1 END) as completed, COUNT(CASE WHEN status = 'cancelled' THEN 1 END) as cancelled, ROUND(COUNT(CASE WHEN status = 'delivered' THEN 1 END) * 100.0 / COUNT(*), 2) as completion_rate from "deliveries" where "assigned_to" = $1 limit $2 - division by zero
    at Parser.parseErrorMessage (/home/basir-security/Desktop/yum-express-backend/node_modules/pg-protocol/dist/parser.js:283:98)
    at Parser.handlePacket (/home/basir-security/Desktop/yum-express-backend/node_modules/pg-protocol/dist/parser.js:122:29)
    at Parser.parse (/home/basir-security/Desktop/yum-express-backend/node_modules/pg-protocol/dist/parser.js:35:38)
    at Socket.<anonymous> (/home/basir-security/Desktop/yum-express-backend/node_modules/pg-protocol/dist/index.js:11:42)
    at Socket.emit (node:events:524:28)
    at addChunk (node:internal/streams/readable:561:12)
    at readableAddChunkPushByteMode (node:internal/streams/readable:512:3)
    at Readable.push (node:internal/streams/readable:392:5)
    at TCP.onStreamRead (node:internal/stream_base_commons:191:23)
2025-08-12 20:06:43 [31merror[39m: error: select COUNT(*) as total_assigned, COUNT(CASE WHEN status = 'delivered' THEN 1 END) as completed, COUNT(CASE WHEN status = 'cancelled' THEN 1 END) as cancelled, ROUND(COUNT(CASE WHEN status = 'delivered' THEN 1 END) * 100.0 / COUNT(*), 2) as completion_rate from "deliveries" where "assigned_to" = $1 limit $2 - division by zero
    at Parser.parseErrorMessage (/home/basir-security/Desktop/yum-express-backend/node_modules/pg-protocol/dist/parser.js:283:98)
    at Parser.handlePacket (/home/basir-security/Desktop/yum-express-backend/node_modules/pg-protocol/dist/parser.js:122:29)
    at Parser.parse (/home/basir-security/Desktop/yum-express-backend/node_modules/pg-protocol/dist/parser.js:35:38)
    at Socket.<anonymous> (/home/basir-security/Desktop/yum-express-backend/node_modules/pg-protocol/dist/index.js:11:42)
    at Socket.emit (node:events:524:28)
    at addChunk (node:internal/streams/readable:561:12)
    at readableAddChunkPushByteMode (node:internal/streams/readable:512:3)
    at Readable.push (node:internal/streams/readable:392:5)
    at TCP.onStreamRead (node:internal/stream_base_commons:191:23)
