2025-08-05 14:18:53 [32minfo[39m: support email sent to: yumexprees@gmail.com
2025-08-05 14:20:00 [32minfo[39m: Listening on port 5000...
2025-08-05 14:20:52 [32minfo[39m: support email sent to: yumexpreess@gmail.com
2025-08-05 14:22:27 [32minfo[39m: Listening on port 5000...
2025-08-05 14:22:33 [32minfo[39m: support email sent to: yumexpreess@gmail.com
2025-08-05 14:24:43 [32minfo[39m: Listening on port 5000...
2025-08-05 14:25:44 [32minfo[39m: Listening on port 5000...
2025-08-05 15:19:03 [32minfo[39m: Listening on port 5000...
2025-08-05 15:27:01 [32minfo[39m: Listening on port 5000...
2025-08-09 23:33:57 [32minfo[39m: Listening on port 5000...
2025-08-10 00:25:20 [32minfo[39m: Listening on port 5000...
2025-08-10 16:51:03 [32minfo[39m: Listening on port 5000...
2025-08-12 12:45:33 [32minfo[39m: Listening on port 5000...
2025-08-12 12:51:37 [32minfo[39m: Listening on port 5000...
2025-08-12 12:51:46 [32minfo[39m: Listening on port 5000...
2025-08-12 12:52:12 [32minfo[39m: Listening on port 5000...
2025-08-12 12:54:02 [32minfo[39m: Listening on port 5000...
2025-08-12 12:54:14 [32minfo[39m: Listening on port 5000...
2025-08-12 12:55:14 [32minfo[39m: Listening on port 5000...
2025-08-12 12:58:20 [32minfo[39m: Listening on port 5000...
2025-08-12 13:00:03 [32minfo[39m: Listening on port 5000...
2025-08-12 13:15:05 [32minfo[39m: Listening on port 5000...
2025-08-12 13:15:19 [32minfo[39m: passwordReset email sent to: ayubabdiy@gmail.com
2025-08-12 13:17:00 [32minfo[39m: Listening on port 5000...
2025-08-12 13:35:14 [32minfo[39m: Listening on port 5000...
2025-08-12 13:35:52 [32minfo[39m: Listening on port 5000...
2025-08-12 13:35:55 [32minfo[39m: Listening on port 5000...
2025-08-12 13:37:33 [32minfo[39m: Listening on port 5000...
2025-08-12 13:37:43 [32minfo[39m: Listening on port 5000...
2025-08-12 13:41:22 [32minfo[39m: passwordReset email sent to: ayubabdiy@gmail.com
2025-08-12 13:46:24 [31merror[39m: Error: data and salt arguments required
    at Object.hash (/home/basir-security/Desktop/yum-express-backend/node_modules/bcrypt/bcrypt.js:137:17)
    at /home/basir-security/Desktop/yum-express-backend/node_modules/bcrypt/promises.js:29:12
    at new Promise (<anonymous>)
    at module.exports.promise (/home/basir-security/Desktop/yum-express-backend/node_modules/bcrypt/promises.js:20:12)
    at Object.hash (/home/basir-security/Desktop/yum-express-backend/node_modules/bcrypt/bcrypt.js:133:25)
    at resetPassword (/home/basir-security/Desktop/yum-express-backend/src/controllers/resetPassword.js:28:39)
    at process.processTicksAndRejections (node:internal/process/task_queues:95:5)
2025-08-12 13:47:31 [32minfo[39m: Listening on port 5000...
2025-08-12 15:32:44 [32minfo[39m: Listening on port 5000...
